[0617/142118.301:ERROR:audio_rtp_receiver.cc(89)] AudioRtpReceiver::OnSetVolume: No audio channel exists.
[0617/142118.302:WARNING:used_ids.h(55)] Duplicate id found. Reassigning from 104 to 127
[0617/142118.302:WARNING:used_ids.h(55)] Duplicate id found. Reassigning from 102 to 125
[0617/142118.302:WARNING:used_ids.h(55)] Duplicate id found. Reassigning from 104 to 124
[0617/142118.302:WARNING:used_ids.h(55)] Duplicate id found. Reassigning from 106 to 123
[0617/142118.302:WARNING:used_ids.h(55)] Duplicate id found. Reassigning from 103 to 122
[0617/142118.302:WARNING:used_ids.h(55)] Duplicate id found. Reassigning from 105 to 121
[0617/142118.302:WARNING:used_ids.h(55)] Duplicate id found. Reassigning from 109 to 120
[0617/142118.303:WARNING:used_ids.h(55)] Duplicate id found. Reassigning from 1 to 14
[0617/142118.303:WARNING:used_ids.h(55)] Duplicate id found. Reassigning from 3 to 13
[0617/142118.303:WARNING:used_ids.h(55)] Duplicate id found. Reassigning from 5 to 12
[0617/142118.303:WARNING:used_ids.h(55)] Duplicate id found. Reassigning from 6 to 11
[0617/142125.078:WARNING:used_ids.h(55)] Duplicate id found. Reassigning from 104 to 127
[0617/142125.078:WARNING:used_ids.h(55)] Duplicate id found. Reassigning from 102 to 125
[0617/142125.078:WARNING:used_ids.h(55)] Duplicate id found. Reassigning from 104 to 124
[0617/142125.078:WARNING:used_ids.h(55)] Duplicate id found. Reassigning from 106 to 123
[0617/142125.078:WARNING:used_ids.h(55)] Duplicate id found. Reassigning from 103 to 122
[0617/142125.078:WARNING:used_ids.h(55)] Duplicate id found. Reassigning from 105 to 121
[0617/142125.078:WARNING:used_ids.h(55)] Duplicate id found. Reassigning from 109 to 120
[0617/142125.078:WARNING:used_ids.h(55)] Duplicate id found. Reassigning from 1 to 14
[0617/142125.078:WARNING:used_ids.h(55)] Duplicate id found. Reassigning from 3 to 13
[0617/142125.078:WARNING:used_ids.h(55)] Duplicate id found. Reassigning from 5 to 12
[0617/142125.078:WARNING:used_ids.h(55)] Duplicate id found. Reassigning from 6 to 11
[0617/142125.078:ERROR:audio_rtp_receiver.cc(89)] AudioRtpReceiver::OnSetVolume: No audio channel exists.
[0617/142135.442:ERROR:batching_media_log.cc(38)] MediaEvent: {"error":"FFmpegDemuxer: no supported streams"}
[0617/142135.442:ERROR:batching_media_log.cc(35)] MediaEvent: {"pipeline_error":14}
[0617/142135.710:ERROR:batching_media_log.cc(38)] MediaEvent: {"error":"FFmpegDemuxer: no supported streams"}
[0617/142135.715:ERROR:batching_media_log.cc(35)] MediaEvent: {"pipeline_error":14}
[0617/144527.244:ERROR:batching_media_log.cc(38)] MediaEvent: {"error":"FFmpegDemuxer: no supported streams"}
[0617/144527.244:ERROR:batching_media_log.cc(35)] MediaEvent: {"pipeline_error":14}
[0617/144527.366:ERROR:batching_media_log.cc(38)] MediaEvent: {"error":"FFmpegDemuxer: no supported streams"}
[0617/144527.366:ERROR:batching_media_log.cc(35)] MediaEvent: {"pipeline_error":14}
[0622/201414.521:WARNING:backend_impl.cc(1813)] Destroying invalid entry.
[0622/201414.522:ERROR:backend_impl.cc(1041)] Critical error found -8
[0622/201414.522:ERROR:entry_impl.cc(1076)] No file for c1030b46
[0622/201414.527:WARNING:storage_block-inl.h(146)] Failed data load.
[0622/201414.527:WARNING:storage_block-inl.h(146)] Failed data load.
[0622/201414.527:WARNING:storage_block-inl.h(146)] Failed data load.
[0622/201414.527:WARNING:storage_block-inl.h(146)] Failed data load.
[0622/201414.527:ERROR:entry_impl.cc(1076)] No file for c10307ce
[0622/201414.527:WARNING:storage_block-inl.h(146)] Failed data load.
[0622/201414.528:WARNING:storage_block-inl.h(146)] Failed data load.
[0622/201414.865:ERROR:entry_impl.cc(998)] Failed to save user data
[0622/201414.865:ERROR:entry_impl.cc(998)] Failed to save user data
[0701/155408.847:WARNING:backend_impl.cc(1813)] Destroying invalid entry.
[0701/155408.848:ERROR:backend_impl.cc(1041)] Critical error found -8
[0701/155409.159:WARNING:storage_block-inl.h(146)] Failed data load.
[0701/155409.159:WARNING:storage_block-inl.h(146)] Failed data load.
[0701/155409.159:WARNING:storage_block-inl.h(146)] Failed data load.
[0701/155409.161:WARNING:storage_block-inl.h(146)] Failed data load.
[0701/155409.161:WARNING:storage_block-inl.h(146)] Failed data load.
[0701/155409.162:ERROR:entry_impl.cc(998)] Failed to save user data
[0701/155409.162:ERROR:entry_impl.cc(998)] Failed to save user data
[0717/131022.370:ERROR:backend_impl.cc(1041)] Critical error found -8
[0717/131022.371:ERROR:entry_impl.cc(1076)] No file for c1032606
[0717/131022.371:WARNING:storage_block-inl.h(146)] Failed data load.
[0717/131022.371:WARNING:storage_block-inl.h(146)] Failed data load.
[0717/131022.371:WARNING:storage_block-inl.h(146)] Failed data load.
[0717/131022.371:WARNING:storage_block-inl.h(146)] Failed data load.
[0717/131022.371:ERROR:entry_impl.cc(1076)] No file for c103266e
[0717/131022.371:WARNING:storage_block-inl.h(146)] Failed data load.
[0717/131022.371:WARNING:storage_block-inl.h(146)] Failed data load.
[0717/131022.371:WARNING:storage_block-inl.h(146)] Failed data load.
[0717/131022.371:WARNING:storage_block-inl.h(146)] Failed data load.
[0717/131022.371:ERROR:entry_impl.cc(1076)] No file for c10314c6
[0717/131022.372:WARNING:storage_block-inl.h(146)] Failed data load.
[0717/131022.372:WARNING:storage_block-inl.h(146)] Failed data load.
[0717/131022.376:WARNING:storage_block-inl.h(146)] Failed data load.
[0717/135202.829:ERROR:backend_impl.cc(1041)] Critical error found -8
[0717/135203.379:WARNING:storage_block-inl.h(146)] Failed data load.
[0717/135203.380:WARNING:storage_block-inl.h(146)] Failed data load.
[0717/135203.380:WARNING:storage_block-inl.h(146)] Failed data load.
[0717/135203.381:WARNING:storage_block-inl.h(146)] Failed data load.
[0717/135203.382:ERROR:entry_impl.cc(998)] Failed to save user data
[0717/135203.382:ERROR:entry_impl.cc(998)] Failed to save user data
[0718/143638.884:ERROR:backend_impl.cc(1041)] Critical error found -8
[0718/143639.220:WARNING:storage_block-inl.h(146)] Failed data load.
[0718/143639.222:WARNING:storage_block-inl.h(146)] Failed data load.
[0718/143639.224:WARNING:storage_block-inl.h(146)] Failed data load.
[0718/143639.225:WARNING:storage_block-inl.h(146)] Failed data load.
[0718/143639.225:ERROR:entry_impl.cc(998)] Failed to save user data
[0718/143639.225:ERROR:entry_impl.cc(998)] Failed to save user data
[0726/162731.782:ERROR:audio_rtp_receiver.cc(89)] AudioRtpReceiver::OnSetVolume: No audio channel exists.
[0726/162731.783:WARNING:used_ids.h(55)] Duplicate id found. Reassigning from 104 to 127
[0726/162731.783:WARNING:used_ids.h(55)] Duplicate id found. Reassigning from 102 to 125
[0726/162731.783:WARNING:used_ids.h(55)] Duplicate id found. Reassigning from 104 to 124
[0726/162731.783:WARNING:used_ids.h(55)] Duplicate id found. Reassigning from 106 to 123
[0726/162731.783:WARNING:used_ids.h(55)] Duplicate id found. Reassigning from 103 to 122
[0726/162731.783:WARNING:used_ids.h(55)] Duplicate id found. Reassigning from 105 to 121
[0726/162731.783:WARNING:used_ids.h(55)] Duplicate id found. Reassigning from 109 to 120
[0726/162731.783:WARNING:used_ids.h(55)] Duplicate id found. Reassigning from 1 to 14
[0726/162731.783:WARNING:used_ids.h(55)] Duplicate id found. Reassigning from 3 to 13
[0726/162731.783:WARNING:used_ids.h(55)] Duplicate id found. Reassigning from 5 to 12
[0726/162731.783:WARNING:used_ids.h(55)] Duplicate id found. Reassigning from 6 to 11
[0726/162742.683:WARNING:used_ids.h(55)] Duplicate id found. Reassigning from 104 to 127
[0726/162742.683:WARNING:used_ids.h(55)] Duplicate id found. Reassigning from 102 to 125
[0726/162742.684:WARNING:used_ids.h(55)] Duplicate id found. Reassigning from 104 to 124
[0726/162742.684:WARNING:used_ids.h(55)] Duplicate id found. Reassigning from 106 to 123
[0726/162742.684:WARNING:used_ids.h(55)] Duplicate id found. Reassigning from 103 to 122
[0726/162742.684:WARNING:used_ids.h(55)] Duplicate id found. Reassigning from 105 to 121
[0726/162742.684:WARNING:used_ids.h(55)] Duplicate id found. Reassigning from 109 to 120
[0726/162742.684:WARNING:used_ids.h(55)] Duplicate id found. Reassigning from 1 to 14
[0726/162742.684:WARNING:used_ids.h(55)] Duplicate id found. Reassigning from 3 to 13
[0726/162742.686:WARNING:used_ids.h(55)] Duplicate id found. Reassigning from 5 to 12
[0726/162742.686:WARNING:used_ids.h(55)] Duplicate id found. Reassigning from 6 to 11
[0726/162742.686:ERROR:audio_rtp_receiver.cc(89)] AudioRtpReceiver::OnSetVolume: No audio channel exists.
[0726/162801.024:ERROR:batching_media_log.cc(38)] MediaEvent: {"error":"FFmpegDemuxer: no supported streams"}
[0726/162801.025:ERROR:batching_media_log.cc(35)] MediaEvent: {"pipeline_error":14}
[0726/162801.509:ERROR:batching_media_log.cc(38)] MediaEvent: {"error":"FFmpegDemuxer: no supported streams"}
[0726/162801.510:ERROR:batching_media_log.cc(35)] MediaEvent: {"pipeline_error":14}
